<?xml version="1.0" encoding="UTF-8"?>
<!-- Generated by org.testng.reporters.JUnitReportReporter -->
<testsuite hostname="AIPL-PUN-LT86" name="com.app.tests.Demo_1" tests="1" failures="0" timestamp="10 Feb 2020 14:28:05 GMT" time="72.135" errors="0">
  <testcase name="test1" time="72.135" classname="com.app.tests.Demo_1"/>
</testsuite> <!-- com.app.tests.Demo_1 -->
