<?xml version="1.0" encoding="UTF-8"?>
<!-- Generated by org.testng.reporters.JUnitReportReporter -->
<testsuite hostname="AIPL-PUN-LT86" name="com.app.pages.SignUpPage" tests="1" failures="0" timestamp="11 Feb 2020 11:56:23 GMT" time="5.376" errors="0">
  <testcase name="clickOnSignInButton" time="5.376" classname="com.app.pages.SignUpPage"/>
</testsuite> <!-- com.app.pages.SignUpPage -->
