<?xml version="1.0" encoding="UTF-8"?>
<!-- Generated by org.testng.reporters.JUnitReportReporter -->
<testsuite hostname="AIPL-PUN-LT86" name="com.app.tests.SignuUpPagetest" tests="1" failures="0" timestamp="13 Feb 2020 08:48:02 GMT" time="2.114" errors="0">
  <testcase name="testUserSignuUp" time="2.114" classname="com.app.tests.SignuUpPagetest"/>
</testsuite> <!-- com.app.tests.SignuUpPagetest -->
