<?xml version="1.0" encoding="UTF-8"?>
<!-- Generated by org.testng.reporters.JUnitReportReporter -->
<testsuite hostname="AIPL-PUN-LT86" name="com.app.tests.ShoppingCartPagetest" tests="1" failures="0" timestamp="27 May 2020 15:08:39 GMT" time="0.442" errors="0">
  <testcase name="testEnteredCustomerDetails" time="0.442" classname="com.app.tests.ShoppingCartPagetest"/>
</testsuite> <!-- com.app.tests.ShoppingCartPagetest -->
